<?xml version="1.0" encoding="UTF-8"?>
<!-- Generated by org.testng.reporters.JUnitReportReporter -->
<testsuite hostname="DESKTOP-ALRR2OT" failures="0" tests="1" name="com.bankdemo.testcases.TC_LoginTest_001" time="3.636" errors="0" timestamp="2024-02-08T01:33:05 IST" skipped="0">
  <testcase classname="com.bankdemo.testcases.TC_LoginTest_001" name="loginTest" time="3.636"/>
  <system-out/>
</testsuite> <!-- com.bankdemo.testcases.TC_LoginTest_001 -->
